# do {ALU_tb_elaborate.do}
# QuestaSim-64 vopt 2024.1 Compiler 2024.02 Feb  1 2024
# ** Warning: (vopt-10587) Some optimizations are turned off because the +acc switch is in effect. This will cause your simulation to run slowly. Please use -access/-debug to maintain needed visibility.
# Start time: 12:23:26 on Nov 02,2025
# vopt "+acc=npr" -suppress 10016 -L xil_defaultlib -L unisims_ver -L unimacro_ver -L secureip -L xpm -work xil_defaultlib xil_defaultlib.ALU_tb xil_defaultlib.glbl -o ALU_tb_opt 
# 
# Top level modules:
# 	ALU_tb
# 	glbl
# Support of the MGLS_LICENSE_FILE and LM_LICENSE_FILE licensing environment variables will be discontinued starting with the 2025.1 release. Please update to using the SALT_LICENSE_SERVER variable.
# Please contact Siemens EDA Customer Support (https://support.sw.siemens.com/) for assistance.
# 
# Analyzing design...
# -- Loading module ALU_tb
# -- Loading module glbl
# -- Loading module ALU
# Optimizing 3 design-units (inlining 0/3 module instances):
# -- Optimizing module glbl(fast)
# -- Optimizing module ALU(fast)
# -- Optimizing module ALU_tb(fast)
# Optimized design name is ALU_tb_opt
# End time: 12:23:28 on Nov 02,2025, Elapsed time: 0:00:02
# Errors: 0, Warnings: 1
